<?xml version="1.0" encoding="UTF-8"?>
<Site BuildName="(empty)"
	BuildStamp="20240814-0822-Experimental"
	Name="barracuda"
	Generator="ctest-3.16.3"
	CompilerName="/usr/bin/c++"
	CompilerVersion="9.4.0"
	OSName="Linux"
	Hostname="barracuda"
	OSRelease="5.15.0-113-generic"
	OSVersion="#123~20.04.1-Ubuntu SMP Wed Jun 12 17:33:13 UTC 2024"
	OSPlatform="x86_64"
	Is64Bits="1"
	VendorString="GenuineIntel"
	VendorID="Intel Corporation"
	FamilyID="6"
	ModelID="154"
	ProcessorCacheSize="12288"
	NumberOfLogicalCPU="12"
	NumberOfPhysicalCPU="8"
	TotalVirtualMemory="2047"
	TotalPhysicalMemory="15657"
	LogicalProcessorsPerPhysical="1"
	ProcessorClockFrequency="3953.77"
	>
	<Testing>
		<StartDateTime>Aug 15 00:26 +08</StartDateTime>
		<StartTestTime>1723652818</StartTestTime>
		<TestList/>
		<EndDateTime>Aug 15 00:26 +08</EndDateTime>
		<EndTestTime>1723652818</EndTestTime>
		<ElapsedMinutes>0</ElapsedMinutes>
	</Testing>
</Site>
